This is pdfTeX, Version 3.14159265-2.6-1.40.20 (TeX Live 2019/Debian) (preloaded format=pdflatex 2021.10.8)  23 MAR 2022 22:24
entering extended mode
 restricted \write18 enabled.
 %&-line parsing enabled.
**02-analyth.tex
(./02-analyth.tex
LaTeX2e <2020-02-02> patch level 2
L3 programming layer <2020-02-14>
! Undefined control sequence.
l.1 \chapter
            {–ê–Ω–∞–ª–∏—Ç–∏—á–µ—Å–∫–∏–π —Ä–∞–∑–¥–µ–ª}
The control sequence at the end of the top line
of your error message was never \def'ed. If you have
misspelled it (e.g., `\hobx'), type `I' and the correct
spelling (e.g., `I\hbox'). Otherwise just continue,
and I'll forget about whatever was undefined.


! Package inputenc Error: Unicode character –ê (U+0410)
(inputenc)                not set up for use with LaTeX.

See the inputenc package documentation for explanation.
Type  H <return>  for immediate help.
 ...                                              
                                                  
l.1 \chapter{–ê
               –Ω–∞–ª–∏—Ç–∏—á–µ—Å–∫–∏–π —Ä–∞–∑–¥–µ–ª}
You may provide a definition with
\DeclareUnicodeCharacter 


! Package inputenc Error: Unicode character –Ω (U+043D)
(inputenc)                not set up for use with LaTeX.

See the inputenc package documentation for explanation.
Type  H <return>  for immediate help.
 ...                                              
                                                  
l.1 \chapter{–ê–Ω
                 –∞–ª–∏—Ç–∏—á–µ—Å–∫–∏–π —Ä–∞–∑–¥–µ–ª}
You may provide a definition with
\DeclareUnicodeCharacter 


! Package inputenc Error: Unicode character –∞ (U+0430)
(inputenc)                not set up for use with LaTeX.

See the inputenc package documentation for explanation.
Type  H <return>  for immediate help.
 ...                                              
                                                  
l.1 \chapter{–ê–Ω–∞
                   –ª–∏—Ç–∏—á–µ—Å–∫–∏–π —Ä–∞–∑–¥–µ–ª}
You may provide a definition with
\DeclareUnicodeCharacter 


! Package inputenc Error: Unicode character –ª (U+043B)
(inputenc)                not set up for use with LaTeX.

See the inputenc package documentation for explanation.
Type  H <return>  for immediate help.
 ...                                              
                                                  
l.1 \chapter{–ê–Ω–∞–ª
                     –∏—Ç–∏—á–µ—Å–∫–∏–π —Ä–∞–∑–¥–µ–ª}
You may provide a definition with
\DeclareUnicodeCharacter 


! Package inputenc Error: Unicode character –∏ (U+0438)
(inputenc)                not set up for use with LaTeX.

See the inputenc package documentation for explanation.
Type  H <return>  for immediate help.
 ...                                              
                                                  
l.1 \chapter{–ê–Ω–∞–ª–∏
                       —Ç–∏—á–µ—Å–∫–∏–π —Ä–∞–∑–¥–µ–ª}
You may provide a definition with
\DeclareUnicodeCharacter 


! Package inputenc Error: Unicode character —Ç (U+0442)
(inputenc)                not set up for use with LaTeX.

See the inputenc package documentation for explanation.
Type  H <return>  for immediate help.
 ...                                              
                                                  
l.1 \chapter{–ê–Ω–∞–ª–∏—Ç
                         –∏—á–µ—Å–∫–∏–π —Ä–∞–∑–¥–µ–ª}
You may provide a definition with
\DeclareUnicodeCharacter 


! Package inputenc Error: Unicode character –∏ (U+0438)
(inputenc)                not set up for use with LaTeX.

See the inputenc package documentation for explanation.
Type  H <return>  for immediate help.
 ...                                              
                                                  
l.1 \chapter{–ê–Ω–∞–ª–∏—Ç–∏
                           —á–µ—Å–∫–∏–π —Ä–∞–∑–¥–µ–ª}
You may provide a definition with
\DeclareUnicodeCharacter 


! Package inputenc Error: Unicode character —á (U+0447)
(inputenc)                not set up for use with LaTeX.

See the inputenc package documentation for explanation.
Type  H <return>  for immediate help.
 ...                                              
                                                  
l.1 \chapter{–ê–Ω–∞–ª–∏—Ç–∏—á
                             –µ—Å–∫–∏–π —Ä–∞–∑–¥–µ–ª}
You may provide a definition with
\DeclareUnicodeCharacter 


! Package inputenc Error: Unicode character –µ (U+0435)
(inputenc)                not set up for use with LaTeX.

See the inputenc package documentation for explanation.
Type  H <return>  for immediate help.
 ...                                              
                                                  
l.1 \chapter{–ê–Ω–∞–ª–∏—Ç–∏—á–µ
                               —Å–∫–∏–π —Ä–∞–∑–¥–µ–ª}
You may provide a definition with
\DeclareUnicodeCharacter 


! Package inputenc Error: Unicode character —Å (U+0441)
(inputenc)                not set up for use with LaTeX.

See the inputenc package documentation for explanation.
Type  H <return>  for immediate help.
 ...                                              
                                                  
l.1 \chapter{–ê–Ω–∞–ª–∏—Ç–∏—á–µ—Å
                                 –∫–∏–π —Ä–∞–∑–¥–µ–ª}
You may provide a definition with
\DeclareUnicodeCharacter 


! Package inputenc Error: Unicode character –∫ (U+043A)
(inputenc)                not set up for use with LaTeX.

See the inputenc package documentation for explanation.
Type  H <return>  for immediate help.
 ...                                              
                                                  
l.1 \chapter{–ê–Ω–∞–ª–∏—Ç–∏—á–µ—Å–∫
                                   –∏–π —Ä–∞–∑–¥–µ–ª}
You may provide a definition with
\DeclareUnicodeCharacter 


! Package inputenc Error: Unicode character –∏ (U+0438)
(inputenc)                not set up for use with LaTeX.

See the inputenc package documentation for explanation.
Type  H <return>  for immediate help.
 ...                                              
                                                  
l.1 \chapter{–ê–Ω–∞–ª–∏—Ç–∏—á–µ—Å–∫–∏
                                     –π —Ä–∞–∑–¥–µ–ª}
You may provide a definition with
\DeclareUnicodeCharacter 


! Package inputenc Error: Unicode character –π (U+0439)
(inputenc)                not set up for use with LaTeX.

See the inputenc package documentation for explanation.
Type  H <return>  for immediate help.
 ...                                              
                                                  
l.1 \chapter{–ê–Ω–∞–ª–∏—Ç–∏—á–µ—Å–∫–∏–π
                                        —Ä–∞–∑–¥–µ–ª}
You may provide a definition with
\DeclareUnicodeCharacter 


! Package inputenc Error: Unicode character —Ä (U+0440)
(inputenc)                not set up for use with LaTeX.

See the inputenc package documentation for explanation.
Type  H <return>  for immediate help.
 ...                                              
                                                  
l.1 \chapter{–ê–Ω–∞–ª–∏—Ç–∏—á–µ—Å–∫–∏–π —Ä
                                          –∞–∑–¥–µ–ª}
You may provide a definition with
\DeclareUnicodeCharacter 


! Package inputenc Error: Unicode character –∞ (U+0430)
(inputenc)                not set up for use with LaTeX.

See the inputenc package documentation for explanation.
Type  H <return>  for immediate help.
 ...                                              
                                                  
l.1 \chapter{–ê–Ω–∞–ª–∏—Ç–∏—á–µ—Å–∫–∏–π —Ä–∞
                                            –∑–¥–µ–ª}
You may provide a definition with
\DeclareUnicodeCharacter 


! Package inputenc Error: Unicode character –∑ (U+0437)
(inputenc)                not set up for use with LaTeX.

See the inputenc package documentation for explanation.
Type  H <return>  for immediate help.
 ...                                              
                                                  
l.1 \chapter{–ê–Ω–∞–ª–∏—Ç–∏—á–µ—Å–∫–∏–π —Ä–∞–∑
                                              –¥–µ–ª}
You may provide a definition with
\DeclareUnicodeCharacter 


! Package inputenc Error: Unicode character –¥ (U+0434)
(inputenc)                not set up for use with LaTeX.

See the inputenc package documentation for explanation.
Type  H <return>  for immediate help.
 ...                                              
                                                  
l.1 \chapter{–ê–Ω–∞–ª–∏—Ç–∏—á–µ—Å–∫–∏–π —Ä–∞–∑–¥
                                                –µ–ª}
You may provide a definition with
\DeclareUnicodeCharacter 


! Package inputenc Error: Unicode character –µ (U+0435)
(inputenc)                not set up for use with LaTeX.

See the inputenc package documentation for explanation.
Type  H <return>  for immediate help.
 ...                                              
                                                  
l.1 \chapter{–ê–Ω–∞–ª–∏—Ç–∏—á–µ—Å–∫–∏–π —Ä–∞–∑–¥–µ
                                                  –ª}
You may provide a definition with
\DeclareUnicodeCharacter 


! Package inputenc Error: Unicode character –ª (U+043B)
(inputenc)                not set up for use with LaTeX.

See the inputenc package documentation for explanation.
Type  H <return>  for immediate help.
 ...                                              
                                                  
l.1 ...ter{–ê–Ω–∞–ª–∏—Ç–∏—á–µ—Å–∫–∏–π —Ä–∞–∑–¥–µ–ª
                                                  }
You may provide a definition with
\DeclareUnicodeCharacter 

! Undefined control sequence.
l.3 \section
            {–ê–Ω–∞–ª–∏–∑ –ø—Ä–µ–¥–º–µ—Ç–Ω–æ–π –æ–±–ª–∞—Å—Ç–∏}
The control sequence at the end of the top line
of your error message was never \def'ed. If you have
misspelled it (e.g., `\hobx'), type `I' and the correct
spelling (e.g., `I\hbox'). Otherwise just continue,
and I'll forget about whatever was undefined.


! Package inputenc Error: Unicode character –ê (U+0410)
(inputenc)                not set up for use with LaTeX.

See the inputenc package documentation for explanation.
Type  H <return>  for immediate help.
 ...                                              
                                                  
l.3 \section{–ê
               –Ω–∞–ª–∏–∑ –ø—Ä–µ–¥–º–µ—Ç–Ω–æ–π –æ–±–ª–∞—Å—Ç–∏}
You may provide a definition with
\DeclareUnicodeCharacter 


! Package inputenc Error: Unicode character –Ω (U+043D)
(inputenc)                not set up for use with LaTeX.

See the inputenc package documentation for explanation.
Type  H <return>  for immediate help.
 ...                                              
                                                  
l.3 \section{–ê–Ω
                 –∞–ª–∏–∑ –ø—Ä–µ–¥–º–µ—Ç–Ω–æ–π –æ–±–ª–∞—Å—Ç–∏}
You may provide a definition with
\DeclareUnicodeCharacter 


! Package inputenc Error: Unicode character –∞ (U+0430)
(inputenc)                not set up for use with LaTeX.

See the inputenc package documentation for explanation.
Type  H <return>  for immediate help.
 ...                                              
                                                  
l.3 \section{–ê–Ω–∞
                   –ª–∏–∑ –ø—Ä–µ–¥–º–µ—Ç–Ω–æ–π –æ–±–ª–∞—Å—Ç–∏}
You may provide a definition with
\DeclareUnicodeCharacter 


! Package inputenc Error: Unicode character –ª (U+043B)
(inputenc)                not set up for use with LaTeX.

See the inputenc package documentation for explanation.
Type  H <return>  for immediate help.
 ...                                              
                                                  
l.3 \section{–ê–Ω–∞–ª
                     –∏–∑ –ø—Ä–µ–¥–º–µ—Ç–Ω–æ–π –æ–±–ª–∞—Å—Ç–∏}
You may provide a definition with
\DeclareUnicodeCharacter 


! Package inputenc Error: Unicode character –∏ (U+0438)
(inputenc)                not set up for use with LaTeX.

See the inputenc package documentation for explanation.
Type  H <return>  for immediate help.
 ...                                              
                                                  
l.3 \section{–ê–Ω–∞–ª–∏
                       –∑ –ø—Ä–µ–¥–º–µ—Ç–Ω–æ–π –æ–±–ª–∞—Å—Ç–∏}
You may provide a definition with
\DeclareUnicodeCharacter 


! Package inputenc Error: Unicode character –∑ (U+0437)
(inputenc)                not set up for use with LaTeX.

See the inputenc package documentation for explanation.
Type  H <return>  for immediate help.
 ...                                              
                                                  
l.3 \section{–ê–Ω–∞–ª–∏–∑
                          –ø—Ä–µ–¥–º–µ—Ç–Ω–æ–π –æ–±–ª–∞—Å—Ç–∏}
You may provide a definition with
\DeclareUnicodeCharacter 


! Package inputenc Error: Unicode character –ø (U+043F)
(inputenc)                not set up for use with LaTeX.

See the inputenc package documentation for explanation.
Type  H <return>  for immediate help.
 ...                                              
                                                  
l.3 \section{–ê–Ω–∞–ª–∏–∑ –ø
                            —Ä–µ–¥–º–µ—Ç–Ω–æ–π –æ–±–ª–∞—Å—Ç–∏}
You may provide a definition with
\DeclareUnicodeCharacter 


! Package inputenc Error: Unicode character —Ä (U+0440)
(inputenc)                not set up for use with LaTeX.

See the inputenc package documentation for explanation.
Type  H <return>  for immediate help.
 ...                                              
                                                  
l.3 \section{–ê–Ω–∞–ª–∏–∑ –ø—Ä
                              –µ–¥–º–µ—Ç–Ω–æ–π –æ–±–ª–∞—Å—Ç–∏}
You may provide a definition with
\DeclareUnicodeCharacter 


! Package inputenc Error: Unicode character –µ (U+0435)
(inputenc)                not set up for use with LaTeX.

See the inputenc package documentation for explanation.
Type  H <return>  for immediate help.
 ...                                              
                                                  
l.3 \section{–ê–Ω–∞–ª–∏–∑ –ø—Ä–µ
                                –¥–º–µ—Ç–Ω–æ–π –æ–±–ª–∞—Å—Ç–∏}
You may provide a definition with
\DeclareUnicodeCharacter 


! Package inputenc Error: Unicode character –¥ (U+0434)
(inputenc)                not set up for use with LaTeX.

See the inputenc package documentation for explanation.
Type  H <return>  for immediate help.
 ...                                              
                                                  
l.3 \section{–ê–Ω–∞–ª–∏–∑ –ø—Ä–µ–¥
                                  –º–µ—Ç–Ω–æ–π –æ–±–ª–∞—Å—Ç–∏}
You may provide a definition with
\DeclareUnicodeCharacter 


! Package inputenc Error: Unicode character –º (U+043C)
(inputenc)                not set up for use with LaTeX.

See the inputenc package documentation for explanation.
Type  H <return>  for immediate help.
 ...                                              
                                                  
l.3 \section{–ê–Ω–∞–ª–∏–∑ –ø—Ä–µ–¥–º
                                    –µ—Ç–Ω–æ–π –æ–±–ª–∞—Å—Ç–∏}
You may provide a definition with
\DeclareUnicodeCharacter 


! Package inputenc Error: Unicode character –µ (U+0435)
(inputenc)                not set up for use with LaTeX.

See the inputenc package documentation for explanation.
Type  H <return>  for immediate help.
 ...                                              
                                                  
l.3 \section{–ê–Ω–∞–ª–∏–∑ –ø—Ä–µ–¥–º–µ
                                      —Ç–Ω–æ–π –æ–±–ª–∞—Å—Ç–∏}
You may provide a definition with
\DeclareUnicodeCharacter 


! Package inputenc Error: Unicode character —Ç (U+0442)
(inputenc)                not set up for use with LaTeX.

See the inputenc package documentation for explanation.
Type  H <return>  for immediate help.
 ...                                              
                                                  
l.3 \section{–ê–Ω–∞–ª–∏–∑ –ø—Ä–µ–¥–º–µ—Ç
                                        –Ω–æ–π –æ–±–ª–∞—Å—Ç–∏}
You may provide a definition with
\DeclareUnicodeCharacter 


! Package inputenc Error: Unicode character –Ω (U+043D)
(inputenc)                not set up for use with LaTeX.

See the inputenc package documentation for explanation.
Type  H <return>  for immediate help.
 ...                                              
                                                  
l.3 \section{–ê–Ω–∞–ª–∏–∑ –ø—Ä–µ–¥–º–µ—Ç–Ω
                                          –æ–π –æ–±–ª–∞—Å—Ç–∏}
You may provide a definition with
\DeclareUnicodeCharacter 


! Package inputenc Error: Unicode character –æ (U+043E)
(inputenc)                not set up for use with LaTeX.

See the inputenc package documentation for explanation.
Type  H <return>  for immediate help.
 ...                                              
                                                  
l.3 \section{–ê–Ω–∞–ª–∏–∑ –ø—Ä–µ–¥–º–µ—Ç–Ω–æ
                                            –π –æ–±–ª–∞—Å—Ç–∏}
You may provide a definition with
\DeclareUnicodeCharacter 


! Package inputenc Error: Unicode character –π (U+0439)
(inputenc)                not set up for use with LaTeX.

See the inputenc package documentation for explanation.
Type  H <return>  for immediate help.
 ...                                              
                                                  
l.3 \section{–ê–Ω–∞–ª–∏–∑ –ø—Ä–µ–¥–º–µ—Ç–Ω–æ–π
                                               –æ–±–ª–∞—Å—Ç–∏}
You may provide a definition with
\DeclareUnicodeCharacter 


! Package inputenc Error: Unicode character –æ (U+043E)
(inputenc)                not set up for use with LaTeX.

See the inputenc package documentation for explanation.
Type  H <return>  for immediate help.
 ...                                              
                                                  
l.3 \section{–ê–Ω–∞–ª–∏–∑ –ø—Ä–µ–¥–º–µ—Ç–Ω–æ–π –æ
                                                 –±–ª–∞—Å—Ç–∏}
You may provide a definition with
\DeclareUnicodeCharacter 


! Package inputenc Error: Unicode character –± (U+0431)
(inputenc)                not set up for use with LaTeX.

See the inputenc package documentation for explanation.
Type  H <return>  for immediate help.
 ...                                              
                                                  
l.3 ...tion{–ê–Ω–∞–ª–∏–∑ –ø—Ä–µ–¥–º–µ—Ç–Ω–æ–π –æ–±
                                                  –ª–∞—Å—Ç–∏}
You may provide a definition with
\DeclareUnicodeCharacter 


! Package inputenc Error: Unicode character –ª (U+043B)
(inputenc)                not set up for use with LaTeX.

See the inputenc package documentation for explanation.
Type  H <return>  for immediate help.
 ...                                              
                                                  
l.3 ...on{–ê–Ω–∞–ª–∏–∑ –ø—Ä–µ–¥–º–µ—Ç–Ω–æ–π –æ–±–ª
                                                  –∞—Å—Ç–∏}
You may provide a definition with
\DeclareUnicodeCharacter 


! Package inputenc Error: Unicode character –∞ (U+0430)
(inputenc)                not set up for use with LaTeX.

See the inputenc package documentation for explanation.
Type  H <return>  for immediate help.
 ...                                              
                                                  
l.3 ...{–ê–Ω–∞–ª–∏–∑ –ø—Ä–µ–¥–º–µ—Ç–Ω–æ–π –æ–±–ª–∞
                                                  —Å—Ç–∏}
You may provide a definition with
\DeclareUnicodeCharacter 


! Package inputenc Error: Unicode character —Å (U+0441)
(inputenc)                not set up for use with LaTeX.

See the inputenc package documentation for explanation.
Type  H <return>  for immediate help.
 ...                                              
                                                  
l.3 ...ê–Ω–∞–ª–∏–∑ –ø—Ä–µ–¥–º–µ—Ç–Ω–æ–π –æ–±–ª–∞—Å
                                                  —Ç–∏}
You may provide a definition with
\DeclareUnicodeCharacter 


! Package inputenc Error: Unicode character —Ç (U+0442)
(inputenc)                not set up for use with LaTeX.

See the inputenc package documentation for explanation.
Type  H <return>  for immediate help.
 ...                                              
                                                  
l.3 ...Ω–∞–ª–∏–∑ –ø—Ä–µ–¥–º–µ—Ç–Ω–æ–π –æ–±–ª–∞—Å—Ç
                                                  –∏}
You may provide a definition with
\DeclareUnicodeCharacter 


! Package inputenc Error: Unicode character –∏ (U+0438)
(inputenc)                not set up for use with LaTeX.

See the inputenc package documentation for explanation.
Type  H <return>  for immediate help.
 ...                                              
                                                  
l.3 ...∞–ª–∏–∑ –ø—Ä–µ–¥–º–µ—Ç–Ω–æ–π –æ–±–ª–∞—Å—Ç–∏
                                                  }
You may provide a definition with
\DeclareUnicodeCharacter 


! Package inputenc Error: Unicode character –í (U+0412)
(inputenc)                not set up for use with LaTeX.

See the inputenc package documentation for explanation.
Type  H <return>  for immediate help.
 ...                                              
                                                  
l.4 –í
       —Ü–µ–Ω—Ç—Ä–µ –∏ –Ω–∞ —é–≥–µ –†—É–º—ã–Ω–∏–∏, –≤–¥–∞–ª–∏ –æ—Ç –≥–æ—Ä–æ–...

You may provide a definition with
\DeclareUnicodeCharacter 


! Package inputenc Error: Unicode character —Ü (U+0446)
(inputenc)                not set up for use with LaTeX.

See the inputenc package documentation for explanation.
Type  H <return>  for immediate help.
 ...                                              
                                                  
l.4 –í —Ü
         –µ–Ω—Ç—Ä–µ –∏ –Ω–∞ —é–≥–µ –†—É–º—ã–Ω–∏–∏, –≤–¥–∞–ª–∏ –æ—Ç –≥–æ—Ä–æ–...

You may provide a definition with
\DeclareUnicodeCharacter 


! Package inputenc Error: Unicode character –µ (U+0435)
(inputenc)                not set up for use with LaTeX.

See the inputenc package documentation for explanation.
Type  H <return>  for immediate help.
 ...                                              
                                                  
l.4 –í —Ü–µ
           –Ω—Ç—Ä–µ –∏ –Ω–∞ —é–≥–µ –†—É–º—ã–Ω–∏–∏, –≤–¥–∞–ª–∏ –æ—Ç –≥–æ—Ä–æ–...

You may provide a definition with
\DeclareUnicodeCharacter 


! Package inputenc Error: Unicode character –Ω (U+043D)
(inputenc)                not set up for use with LaTeX.

See the inputenc package documentation for explanation.
Type  H <return>  for immediate help.
 ...                                              
                                                  
l.4 –í —Ü–µ–Ω
             —Ç—Ä–µ –∏ –Ω–∞ —é–≥–µ –†—É–º—ã–Ω–∏–∏, –≤–¥–∞–ª–∏ –æ—Ç –≥–æ—Ä–æ–...

You may provide a definition with
\DeclareUnicodeCharacter 


! Package inputenc Error: Unicode character —Ç (U+0442)
(inputenc)                not set up for use with LaTeX.

See the inputenc package documentation for explanation.
Type  H <return>  for immediate help.
 ...                                              
                                                  
l.4 –í —Ü–µ–Ω—Ç
               —Ä–µ –∏ –Ω–∞ —é–≥–µ –†—É–º—ã–Ω–∏–∏, –≤–¥–∞–ª–∏ –æ—Ç –≥–æ—Ä–æ–...

You may provide a definition with
\DeclareUnicodeCharacter 


! Package inputenc Error: Unicode character —Ä (U+0440)
(inputenc)                not set up for use with LaTeX.

See the inputenc package documentation for explanation.
Type  H <return>  for immediate help.
 ...                                              
                                                  
l.4 –í —Ü–µ–Ω—Ç—Ä
                 –µ –∏ –Ω–∞ —é–≥–µ –†—É–º—ã–Ω–∏–∏, –≤–¥–∞–ª–∏ –æ—Ç –≥–æ—Ä–æ–...

You may provide a definition with
\DeclareUnicodeCharacter 


! Package inputenc Error: Unicode character –µ (U+0435)
(inputenc)                not set up for use with LaTeX.

See the inputenc package documentation for explanation.
Type  H <return>  for immediate help.
 ...                                              
                                                  
l.4 –í —Ü–µ–Ω—Ç—Ä–µ
                    –∏ –Ω–∞ —é–≥–µ –†—É–º—ã–Ω–∏–∏, –≤–¥–∞–ª–∏ –æ—Ç –≥–æ—Ä–æ–...

You may provide a definition with
\DeclareUnicodeCharacter 


! Package inputenc Error: Unicode character –∏ (U+0438)
(inputenc)                not set up for use with LaTeX.

See the inputenc package documentation for explanation.
Type  H <return>  for immediate help.
 ...                                              
                                                  
l.4 –í —Ü–µ–Ω—Ç—Ä–µ –∏
                       –Ω–∞ —é–≥–µ –†—É–º—ã–Ω–∏–∏, –≤–¥–∞–ª–∏ –æ—Ç –≥–æ—Ä–æ–...

You may provide a definition with
\DeclareUnicodeCharacter 


! Package inputenc Error: Unicode character –Ω (U+043D)
(inputenc)                not set up for use with LaTeX.

See the inputenc package documentation for explanation.
Type  H <return>  for immediate help.
 ...                                              
                                                  
l.4 –í —Ü–µ–Ω—Ç—Ä–µ –∏ –Ω
                         –∞ —é–≥–µ –†—É–º—ã–Ω–∏–∏, –≤–¥–∞–ª–∏ –æ—Ç –≥–æ—Ä–æ–...

You may provide a definition with
\DeclareUnicodeCharacter 


! Package inputenc Error: Unicode character –∞ (U+0430)
(inputenc)                not set up for use with LaTeX.

See the inputenc package documentation for explanation.
Type  H <return>  for immediate help.
 ...                                              
                                                  
l.4 –í —Ü–µ–Ω—Ç—Ä–µ –∏ –Ω–∞
                            —é–≥–µ –†—É–º—ã–Ω–∏–∏, –≤–¥–∞–ª–∏ –æ—Ç –≥–æ—Ä–æ–...

You may provide a definition with
\DeclareUnicodeCharacter 


! Package inputenc Error: Unicode character —é (U+044E)
(inputenc)                not set up for use with LaTeX.

See the inputenc package documentation for explanation.
Type  H <return>  for immediate help.
 ...                                              
                                                  
l.4 –í —Ü–µ–Ω—Ç—Ä–µ –∏ –Ω–∞ —é
                              –≥–µ –†—É–º—ã–Ω–∏–∏, –≤–¥–∞–ª–∏ –æ—Ç –≥–æ—Ä–æ–...

You may provide a definition with
\DeclareUnicodeCharacter 


! Package inputenc Error: Unicode character –≥ (U+0433)
(inputenc)                not set up for use with LaTeX.

See the inputenc package documentation for explanation.
Type  H <return>  for immediate help.
 ...                                              
                                                  
l.4 –í —Ü–µ–Ω—Ç—Ä–µ –∏ –Ω–∞ —é–≥
                                –µ –†—É–º—ã–Ω–∏–∏, –≤–¥–∞–ª–∏ –æ—Ç –≥–æ—Ä–æ–...

You may provide a definition with
\DeclareUnicodeCharacter 


! Package inputenc Error: Unicode character –µ (U+0435)
(inputenc)                not set up for use with LaTeX.

See the inputenc package documentation for explanation.
Type  H <return>  for immediate help.
 ...                                              
                                                  
l.4 –í —Ü–µ–Ω—Ç—Ä–µ –∏ –Ω–∞ —é–≥–µ
                                   –†—É–º—ã–Ω–∏–∏, –≤–¥–∞–ª–∏ –æ—Ç –≥–æ—Ä–æ–...

You may provide a definition with
\DeclareUnicodeCharacter 


! Package inputenc Error: Unicode character –† (U+0420)
(inputenc)                not set up for use with LaTeX.

See the inputenc package documentation for explanation.
Type  H <return>  for immediate help.
 ...                                              
                                                  
l.4 –í —Ü–µ–Ω—Ç—Ä–µ –∏ –Ω–∞ —é–≥–µ –†
                                     —É–º—ã–Ω–∏–∏, –≤–¥–∞–ª–∏ –æ—Ç –≥–æ—Ä–æ–...

You may provide a definition with
\DeclareUnicodeCharacter 


! Package inputenc Error: Unicode character —É (U+0443)
(inputenc)                not set up for use with LaTeX.

See the inputenc package documentation for explanation.
Type  H <return>  for immediate help.
 ...                                              
                                                  
l.4 –í —Ü–µ–Ω—Ç—Ä–µ –∏ –Ω–∞ —é–≥–µ –†—É
                                       –º—ã–Ω–∏–∏, –≤–¥–∞–ª–∏ –æ—Ç –≥–æ—Ä–æ–...

You may provide a definition with
\DeclareUnicodeCharacter 


! Package inputenc Error: Unicode character –º (U+043C)
(inputenc)                not set up for use with LaTeX.

See the inputenc package documentation for explanation.
Type  H <return>  for immediate help.
 ...                                              
                                                  
l.4 –í —Ü–µ–Ω—Ç—Ä–µ –∏ –Ω–∞ —é–≥–µ –†—É–º
                                         —ã–Ω–∏–∏, –≤–¥–∞–ª–∏ –æ—Ç –≥–æ—Ä–æ–...

You may provide a definition with
\DeclareUnicodeCharacter 


! Package inputenc Error: Unicode character —ã (U+044B)
(inputenc)                not set up for use with LaTeX.

See the inputenc package documentation for explanation.
Type  H <return>  for immediate help.
 ...                                              
                                                  
l.4 –í —Ü–µ–Ω—Ç—Ä–µ –∏ –Ω–∞ —é–≥–µ –†—É–º—ã
                                           –Ω–∏–∏, –≤–¥–∞–ª–∏ –æ—Ç –≥–æ—Ä–æ–...

You may provide a definition with
\DeclareUnicodeCharacter 


! Package inputenc Error: Unicode character –Ω (U+043D)
(inputenc)                not set up for use with LaTeX.

See the inputenc package documentation for explanation.
Type  H <return>  for immediate help.
 ...                                              
                                                  
l.4 –í —Ü–µ–Ω—Ç—Ä–µ –∏ –Ω–∞ —é–≥–µ –†—É–º—ã–Ω
                                             –∏–∏, –≤–¥–∞–ª–∏ –æ—Ç –≥–æ—Ä–æ–...

You may provide a definition with
\DeclareUnicodeCharacter 


! Package inputenc Error: Unicode character –∏ (U+0438)
(inputenc)                not set up for use with LaTeX.

See the inputenc package documentation for explanation.
Type  H <return>  for immediate help.
 ...                                              
                                                  
l.4 –í —Ü–µ–Ω—Ç—Ä–µ –∏ –Ω–∞ —é–≥–µ –†—É–º—ã–Ω–∏
                                               –∏, –≤–¥–∞–ª–∏ –æ—Ç –≥–æ—Ä–æ–...

You may provide a definition with
\DeclareUnicodeCharacter 


! Package inputenc Error: Unicode character –∏ (U+0438)
(inputenc)                not set up for use with LaTeX.

See the inputenc package documentation for explanation.
Type  H <return>  for immediate help.
 ...                                              
                                                  
l.4 –í —Ü–µ–Ω—Ç—Ä–µ –∏ –Ω–∞ —é–≥–µ –†—É–º—ã–Ω–∏–∏
                                                 , –≤–¥–∞–ª–∏ –æ—Ç –≥–æ—Ä–æ–...

You may provide a definition with
\DeclareUnicodeCharacter 


! LaTeX Error: Missing \begin{document}.

See the LaTeX manual or LaTeX Companion for explanation.
Type  H <return>  for immediate help.
 ...                                              
                                                  
l.4 –í —Ü–µ–Ω—Ç—Ä–µ –∏ –Ω–∞ —é–≥–µ –†—É–º—ã–Ω–∏–∏,
                                                   –≤–¥–∞–ª–∏ –æ—Ç –≥–æ—Ä–æ–...

You're in trouble here.  Try typing  <return>  to proceed.
If that doesn't work, type  X <return>  to quit.

Missing character: There is no , in font nullfont!

! Package inputenc Error: Unicode character –≤ (U+0432)
(inputenc)                not set up for use with LaTeX.

See the inputenc package documentation for explanation.
Type  H <return>  for immediate help.
 ...                                              
                                                  
l.4 ...µ–Ω—Ç—Ä–µ –∏ –Ω–∞ —é–≥–µ –†—É–º—ã–Ω–∏–∏, –≤
                                                  –¥–∞–ª–∏ –æ—Ç –≥–æ—Ä–æ–¥–æ...

You may provide a definition with
\DeclareUnicodeCharacter 


! Package inputenc Error: Unicode character –¥ (U+0434)
(inputenc)                not set up for use with LaTeX.

See the inputenc package documentation for explanation.
Type  H <return>  for immediate help.
 ...                                              
                                                  
l.4 ...Ω—Ç—Ä–µ –∏ –Ω–∞ —é–≥–µ –†—É–º—ã–Ω–∏–∏, –≤–¥
                                                  –∞–ª–∏ –æ—Ç –≥–æ—Ä–æ–¥–æ–≤...

You may provide a definition with
\DeclareUnicodeCharacter 


! Package inputenc Error: Unicode character –∞ (U+0430)
(inputenc)                not set up for use with LaTeX.

See the inputenc package documentation for explanation.
Type  H <return>  for immediate help.
 ...                                              
                                                  
l.4 ...Ç—Ä–µ –∏ –Ω–∞ —é–≥–µ –†—É–º—ã–Ω–∏–∏, –≤–¥–∞
                                                  –ª–∏ –æ—Ç –≥–æ—Ä–æ–¥–æ–≤, ...

You may provide a definition with
\DeclareUnicodeCharacter 


! Package inputenc Error: Unicode character –ª (U+043B)
(inputenc)                not set up for use with LaTeX.

See the inputenc package documentation for explanation.
Type  H <return>  for immediate help.
 ...                                              
                                                  
l.4 ...Ä–µ –∏ –Ω–∞ —é–≥–µ –†—É–º—ã–Ω–∏–∏, –≤–¥–∞–ª
                                                  –∏ –æ—Ç –≥–æ—Ä–æ–¥–æ–≤, –≤...

You may provide a definition with
\DeclareUnicodeCharacter 


! Package inputenc Error: Unicode character –∏ (U+0438)
(inputenc)                not set up for use with LaTeX.

See the inputenc package documentation for explanation.
Type  H <return>  for immediate help.
 ...                                              
                                                  
l.4 ...µ –∏ –Ω–∞ —é–≥–µ –†—É–º—ã–Ω–∏–∏, –≤–¥–∞–ª–∏
                                                   –æ—Ç –≥–æ—Ä–æ–¥–æ–≤, –≤—Å...

You may provide a definition with
\DeclareUnicodeCharacter 


! Package inputenc Error: Unicode character –æ (U+043E)
(inputenc)                not set up for use with LaTeX.

See the inputenc package documentation for explanation.
Type  H <return>  for immediate help.
 ...                                              
                                                  
l.4 ...∏ –Ω–∞ —é–≥–µ –†—É–º—ã–Ω–∏–∏, –≤–¥–∞–ª–∏ –æ
                                                  —Ç –≥–æ—Ä–æ–¥–æ–≤, –≤—Å—Ç—...

You may provide a definition with
\DeclareUnicodeCharacter 


! Package inputenc Error: Unicode character —Ç (U+0442)
(inputenc)                not set up for use with LaTeX.

See the inputenc package documentation for explanation.
Type  H <return>  for immediate help.
 ...                                              
                                                  
l.4 ...–Ω–∞ —é–≥–µ –†—É–º—ã–Ω–∏–∏, –≤–¥–∞–ª–∏ –æ—Ç
                                                   –≥–æ—Ä–æ–¥–æ–≤, –≤—Å—Ç—Ä–...

You may provide a definition with
\DeclareUnicodeCharacter 


! Package inputenc Error: Unicode character –≥ (U+0433)
(inputenc)                not set up for use with LaTeX.

See the inputenc package documentation for explanation.
Type  H <return>  for immediate help.
 ...                                              
                                                  
l.4 ...∞ —é–≥–µ –†—É–º—ã–Ω–∏–∏, –≤–¥–∞–ª–∏ –æ—Ç –≥
                                                  –æ—Ä–æ–¥–æ–≤, –≤—Å—Ç—Ä–µ—á...

You may provide a definition with
\DeclareUnicodeCharacter 


! Package inputenc Error: Unicode character –æ (U+043E)
(inputenc)                not set up for use with LaTeX.

See the inputenc package documentation for explanation.
Type  H <return>  for immediate help.
 ...                                              
                                                  
l.4 ...—é–≥–µ –†—É–º—ã–Ω–∏–∏, –≤–¥–∞–ª–∏ –æ—Ç –≥–æ
                                                  —Ä–æ–¥–æ–≤, –≤—Å—Ç—Ä–µ—á–∞...

You may provide a definition with
\DeclareUnicodeCharacter 


! Package inputenc Error: Unicode character —Ä (U+0440)
(inputenc)                not set up for use with LaTeX.

See the inputenc package documentation for explanation.
Type  H <return>  for immediate help.
 ...                                              
                                                  
l.4 ...–≥–µ –†—É–º—ã–Ω–∏–∏, –≤–¥–∞–ª–∏ –æ—Ç –≥–æ—Ä
                                                  –æ–¥–æ–≤, –≤—Å—Ç—Ä–µ—á–∞—é...

You may provide a definition with
\DeclareUnicodeCharacter 


! Package inputenc Error: Unicode character –æ (U+043E)
(inputenc)                not set up for use with LaTeX.

See the inputenc package documentation for explanation.
Type  H <return>  for immediate help.
 ...                                              
                                                  
l.4 ...–µ –†—É–º—ã–Ω–∏–∏, –≤–¥–∞–ª–∏ –æ—Ç –≥–æ—Ä–æ
                                                  –¥–æ–≤, –≤—Å—Ç—Ä–µ—á–∞—é—Ç...

You may provide a definition with
\DeclareUnicodeCharacter 


! Package inputenc Error: Unicode character –¥ (U+0434)
(inputenc)                not set up for use with LaTeX.

See the inputenc package documentation for explanation.
Type  H <return>  for immediate help.
 ...                                              
                                                  
l.4 ... –†—É–º—ã–Ω–∏–∏, –≤–¥–∞–ª–∏ –æ—Ç –≥–æ—Ä–æ–¥
                                                  –æ–≤, –≤—Å—Ç—Ä–µ—á–∞—é—Ç—Å...

You may provide a definition with
\DeclareUnicodeCharacter 


! Package inputenc Error: Unicode character –æ (U+043E)
(inputenc)                not set up for use with LaTeX.

See the inputenc package documentation for explanation.
Type  H <return>  for immediate help.
 ...                                              
                                                  
l.4 ...†—É–º—ã–Ω–∏–∏, –≤–¥–∞–ª–∏ –æ—Ç –≥–æ—Ä–æ–¥–æ
                                                  –≤, –≤—Å—Ç—Ä–µ—á–∞—é—Ç—Å—è...

You may provide a definition with
\DeclareUnicodeCharacter 


! Package inputenc Error: Unicode character –≤ (U+0432)
(inputenc)                not set up for use with LaTeX.

See the inputenc package documentation for explanation.
Type  H <return>  for immediate help.
 ...                                              
                                                  
l.4 ...É–º—ã–Ω–∏–∏, –≤–¥–∞–ª–∏ –æ—Ç –≥–æ—Ä–æ–¥–æ–≤
                                                  , –≤—Å—Ç—Ä–µ—á–∞—é—Ç—Å—è —...

You may provide a definition with
\DeclareUnicodeCharacter 

Missing character: There is no , in font nullfont!

! Package inputenc Error: Unicode character –≤ (U+0432)
(inputenc)                not set up for use with LaTeX.

See the inputenc package documentation for explanation.
Type  H <return>  for immediate help.
 ...                                              
                                                  
l.4 ...ã–Ω–∏–∏, –≤–¥–∞–ª–∏ –æ—Ç –≥–æ—Ä–æ–¥–æ–≤, –≤
                                                  —Å—Ç—Ä–µ—á–∞—é—Ç—Å—è —É–¥–...

You may provide a definition with
\DeclareUnicodeCharacter 


! Package inputenc Error: Unicode character —Å (U+0441)
(inputenc)                not set up for use with LaTeX.

See the inputenc package documentation for explanation.
Type  H <return>  for immediate help.
 ...                                              
                                                  
l.4 ...Ω–∏–∏, –≤–¥–∞–ª–∏ –æ—Ç –≥–æ—Ä–æ–¥–æ–≤, –≤—Å
                                                  —Ç—Ä–µ—á–∞—é—Ç—Å—è —É–¥–∏–...

You may provide a definition with
\DeclareUnicodeCharacter 


! Package inputenc Error: Unicode character —Ç (U+0442)
(inputenc)                not set up for use with LaTeX.

See the inputenc package documentation for explanation.
Type  H <return>  for immediate help.
 ...                                              
                                                  
l.4 ...∏–∏, –≤–¥–∞–ª–∏ –æ—Ç –≥–æ—Ä–æ–¥–æ–≤, –≤—Å—Ç
                                                  —Ä–µ—á–∞—é—Ç—Å—è —É–¥–∏–≤–...

You may provide a definition with
\DeclareUnicodeCharacter 


! Package inputenc Error: Unicode character —Ä (U+0440)
(inputenc)                not set up for use with LaTeX.

See the inputenc package documentation for explanation.
Type  H <return>  for immediate help.
 ...                                              
                                                  
l.4 ...∏, –≤–¥–∞–ª–∏ –æ—Ç –≥–æ—Ä–æ–¥–æ–≤, –≤—Å—Ç—Ä
                                                  –µ—á–∞—é—Ç—Å—è —É–¥–∏–≤–∏—...

You may provide a definition with
\DeclareUnicodeCharacter 


! Package inputenc Error: Unicode character –µ (U+0435)
(inputenc)                not set up for use with LaTeX.

See the inputenc package documentation for explanation.
Type  H <return>  for immediate help.
 ...                                              
                                                  
l.4 ... –≤–¥–∞–ª–∏ –æ—Ç –≥–æ—Ä–æ–¥–æ–≤, –≤—Å—Ç—Ä–µ
                                                  —á–∞—é—Ç—Å—è —É–¥–∏–≤–∏—Ç–...

You may provide a definition with
\DeclareUnicodeCharacter 


! Package inputenc Error: Unicode character —á (U+0447)
(inputenc)                not set up for use with LaTeX.

See the inputenc package documentation for explanation.
Type  H <return>  for immediate help.
 ...                                              
                                                  
l.4 ...≤–¥–∞–ª–∏ –æ—Ç –≥–æ—Ä–æ–¥–æ–≤, –≤—Å—Ç—Ä–µ—á
                                                  –∞—é—Ç—Å—è —É–¥–∏–≤–∏—Ç–µ–...

You may provide a definition with
\DeclareUnicodeCharacter 


! Package inputenc Error: Unicode character –∞ (U+0430)
(inputenc)                not set up for use with LaTeX.

See the inputenc package documentation for explanation.
Type  H <return>  for immediate help.
 ...                                              
                                                  
l.4 ...¥–∞–ª–∏ –æ—Ç –≥–æ—Ä–æ–¥–æ–≤, –≤—Å—Ç—Ä–µ—á–∞
                                                  —é—Ç—Å—è —É–¥–∏–≤–∏—Ç–µ–ª—...

You may provide a definition with
\DeclareUnicodeCharacter 


! Package inputenc Error: Unicode character —é (U+044E)
(inputenc)                not set up for use with LaTeX.

See the inputenc package documentation for explanation.
Type  H <return>  for immediate help.
 ...                                              
                                                  
l.4 ...∞–ª–∏ –æ—Ç –≥–æ—Ä–æ–¥–æ–≤, –≤—Å—Ç—Ä–µ—á–∞—é
                                                  —Ç—Å—è —É–¥–∏–≤–∏—Ç–µ–ª—å–...

You may provide a definition with
\DeclareUnicodeCharacter 


! Package inputenc Error: Unicode character —Ç (U+0442)
(inputenc)                not set up for use with LaTeX.

See the inputenc package documentation for explanation.
Type  H <return>  for immediate help.
 ...                                              
                                                  
l.4 ...ª–∏ –æ—Ç –≥–æ—Ä–æ–¥–æ–≤, –≤—Å—Ç—Ä–µ—á–∞—é—Ç
                                                  —Å—è —É–¥–∏–≤–∏—Ç–µ–ª—å–Ω—...

You may provide a definition with
\DeclareUnicodeCharacter 


! Package inputenc Error: Unicode character —Å (U+0441)
(inputenc)                not set up for use with LaTeX.

See the inputenc package documentation for explanation.
Type  H <return>  for immediate help.
 ...                                              
                                                  
l.4 ...∏ –æ—Ç –≥–æ—Ä–æ–¥–æ–≤, –≤—Å—Ç—Ä–µ—á–∞—é—Ç—Å
                                                  —è —É–¥–∏–≤–∏—Ç–µ–ª—å–Ω—ã–...

You may provide a definition with
\DeclareUnicodeCharacter 


! Package inputenc Error: Unicode character —è (U+044F)
(inputenc)                not set up for use with LaTeX.

See the inputenc package documentation for explanation.
Type  H <return>  for immediate help.
 ...                                              
                                                  
l.4 ...–æ—Ç –≥–æ—Ä–æ–¥–æ–≤, –≤—Å—Ç—Ä–µ—á–∞—é—Ç—Å—è
                                                   —É–¥–∏–≤–∏—Ç–µ–ª—å–Ω—ã–µ ...

You may provide a definition with
\DeclareUnicodeCharacter 


! Package inputenc Error: Unicode character —É (U+0443)
(inputenc)                not set up for use with LaTeX.

See the inputenc package documentation for explanation.
Type  H <return>  for immediate help.
 ...                                              
                                                  
l.4 ...Ç –≥–æ—Ä–æ–¥–æ–≤, –≤—Å—Ç—Ä–µ—á–∞—é—Ç—Å—è —É
                                                  –¥–∏–≤–∏—Ç–µ–ª—å–Ω—ã–µ –∫–...

You may provide a definition with
\DeclareUnicodeCharacter 


! Package inputenc Error: Unicode character –¥ (U+0434)
(inputenc)                not set up for use with LaTeX.

See the inputenc package documentation for explanation.
Type  H <return>  for immediate help.
 ...                                              
                                                  
l.4 ...–≥–æ—Ä–æ–¥–æ–≤, –≤—Å—Ç—Ä–µ—á–∞—é—Ç—Å—è —É–¥
                                                  –∏–≤–∏—Ç–µ–ª—å–Ω—ã–µ –∫–∞–...

You may provide a definition with
\DeclareUnicodeCharacter 


! Package inputenc Error: Unicode character –∏ (U+0438)
(inputenc)                not set up for use with LaTeX.

See the inputenc package documentation for explanation.
Type  H <return>  for immediate help.
 ...                                              
                                                  
l.4 ...–æ—Ä–æ–¥–æ–≤, –≤—Å—Ç—Ä–µ—á–∞—é—Ç—Å—è —É–¥–∏
                                                  –≤–∏—Ç–µ–ª—å–Ω—ã–µ –∫–∞–º–...

You may provide a definition with
\DeclareUnicodeCharacter 


! Package inputenc Error: Unicode character –≤ (U+0432)
(inputenc)                not set up for use with LaTeX.

See the inputenc package documentation for explanation.
Type  H <return>  for immediate help.
 ...                                              
                                                  
l.4 ...—Ä–æ–¥–æ–≤, –≤—Å—Ç—Ä–µ—á–∞—é—Ç—Å—è —É–¥–∏–≤
                                                  –∏—Ç–µ–ª—å–Ω—ã–µ –∫–∞–º–Ω–...

You may provide a definition with
\DeclareUnicodeCharacter 


! Package inputenc Error: Unicode character –∏ (U+0438)
(inputenc)                not set up for use with LaTeX.

See the inputenc package documentation for explanation.
Type  H <return>  for immediate help.
 ...                                              
                                                  
l.4 ...–æ–¥–æ–≤, –≤—Å—Ç—Ä–µ—á–∞—é—Ç—Å—è —É–¥–∏–≤–∏
                                                  —Ç–µ–ª—å–Ω—ã–µ –∫–∞–º–Ω–∏....

You may provide a definition with
\DeclareUnicodeCharacter 


! Package inputenc Error: Unicode character —Ç (U+0442)
(inputenc)                not set up for use with LaTeX.

See the inputenc package documentation for explanation.
Type  H <return>  for immediate help.
 ...                                              
                                                  
l.4 ...–¥–æ–≤, –≤—Å—Ç—Ä–µ—á–∞—é—Ç—Å—è —É–¥–∏–≤–∏—Ç
                                                  –µ–ª—å–Ω—ã–µ –∫–∞–º–Ω–∏. –...

You may provide a definition with
\DeclareUnicodeCharacter 


! Package inputenc Error: Unicode character –µ (U+0435)
(inputenc)                not set up for use with LaTeX.

See the inputenc package documentation for explanation.
Type  H <return>  for immediate help.
 ...                                              
                                                  
l.4 ...–æ–≤, –≤—Å—Ç—Ä–µ—á–∞—é—Ç—Å—è —É–¥–∏–≤–∏—Ç–µ
                                                  –ª—å–Ω—ã–µ –∫–∞–º–Ω–∏. –ú–...

You may provide a definition with
\DeclareUnicodeCharacter 


! Package inputenc Error: Unicode character –ª (U+043B)
(inputenc)                not set up for use with LaTeX.

See the inputenc package documentation for explanation.
Type  H <return>  for immediate help.
 ...                                              
                                                  
l.4 ...–≤, –≤—Å—Ç—Ä–µ—á–∞—é—Ç—Å—è —É–¥–∏–≤–∏—Ç–µ–ª
                                                  —å–Ω—ã–µ –∫–∞–º–Ω–∏. –ú–µ—...

You may provide a definition with
\DeclareUnicodeCharacter 


! Package inputenc Error: Unicode character —å (U+044C)
(inputenc)                not set up for use with LaTeX.

See the inputenc package documentation for explanation.
Type  H <return>  for immediate help.
 ...                                              
                                                  
l.4 ..., –≤—Å—Ç—Ä–µ—á–∞—é—Ç—Å—è —É–¥–∏–≤–∏—Ç–µ–ª—å
                                                  –Ω—ã–µ –∫–∞–º–Ω–∏. –ú–µ—Å—...

You may provide a definition with
\DeclareUnicodeCharacter 


! Package inputenc Error: Unicode character –Ω (U+043D)
(inputenc)                not set up for use with LaTeX.

See the inputenc package documentation for explanation.
Type  H <return>  for immediate help.
 ...                                              
                                                  
l.4 ...–≤—Å—Ç—Ä–µ—á–∞—é—Ç—Å—è —É–¥–∏–≤–∏—Ç–µ–ª—å–Ω
                                                  —ã–µ –∫–∞–º–Ω–∏. –ú–µ—Å—Ç–...
(That makes 100 errors; please try again.) 
Here is how much of TeX's memory you used:
 45 strings out of 481239
 745 string characters out of 5920377
 236564 words of memory out of 5000000
 15412 multiletter control sequences out of 15000+600000
 532338 words of font info for 24 fonts, out of 8000000 for 9000
 1141 hyphenation exceptions out of 8191
 12i,0n,15p,353b,32s stack positions out of 5000i,500n,10000p,200000b,80000s

!  ==> Fatal error occurred, no output PDF file produced!
