\BOOKMARK [0][-]{chapter*.1}{\376\377\004\040\004\065\004\104\004\065\004\100\004\060\004\102}{}% 1
\BOOKMARK [0][-]{chapter*.3}{\376\377\004\022\004\062\004\065\004\064\004\065\004\075\004\070\004\065}{}% 2
\BOOKMARK [0][-]{chapter.1}{\376\377\004\020\004\075\004\060\004\073\004\070\004\102\004\070\004\107\004\065\004\101\004\072\004\070\004\071\000\040\004\100\004\060\004\067\004\064\004\065\004\073}{}% 3
\BOOKMARK [1][-]{section.1.1}{\376\377\004\037\004\076\004\101\004\102\004\060\004\075\004\076\004\062\004\072\004\060\000\040\004\067\004\060\004\064\004\060\004\107\004\070}{chapter.1}% 4
\BOOKMARK [1][-]{section.1.2}{\376\377\004\044\004\076\004\100\004\074\004\060\004\073\004\070\004\067\004\060\004\106\004\070\004\117\000\040\004\064\004\060\004\075\004\075\004\113\004\105}{chapter.1}% 5
\BOOKMARK [1][-]{section.1.3}{\376\377\000E\000R\000-\004\064\004\070\004\060\004\063\004\100\004\060\004\074\004\074\004\060\000\040\004\101\004\103\004\111\004\075\004\076\004\101\004\102\004\065\004\071}{chapter.1}% 6
\BOOKMARK [1][-]{section.1.4}{\376\377\004\042\004\070\004\077\004\113\000\040\004\077\004\076\004\073\004\114\004\067\004\076\004\062\004\060\004\102\004\065\004\073\004\065\004\071}{chapter.1}% 7
\BOOKMARK [1][-]{section.1.5}{\376\377\004\036\004\077\004\070\004\101\004\060\004\075\004\070\004\065\000\040\004\101\004\103\004\111\004\065\004\101\004\102\004\062\004\103\004\116\004\111\004\070\004\105\000\040\004\041\004\043\004\021\004\024}{chapter.1}% 8
\BOOKMARK [2][-]{subsection.1.5.1}{\376\377\004\036\004\101\004\075\004\076\004\062\004\075\004\113\004\065\000\040\004\104\004\103\004\075\004\072\004\106\004\070\004\070\000\040\004\041\004\043\004\021\004\024}{section.1.5}% 9
\BOOKMARK [2][-]{subsection.1.5.2}{\376\377\004\032\004\073\004\060\004\101\004\101\004\070\004\104\004\070\004\072\004\060\004\106\004\070\004\117\000\040\004\041\004\043\004\021\004\024\000\040\004\077\004\076\000\040\004\074\004\076\004\064\004\065\004\073\004\070\000\040\004\064\004\060\004\075\004\075\004\113\004\105}{section.1.5}% 10
\BOOKMARK [1][-]{subsection.1.5.2}{\376\377\004\022\004\113\004\062\004\076\004\064}{chapter.1}% 11
\BOOKMARK [0][-]{chapter.2}{\376\377\004\032\004\076\004\075\004\101\004\102\004\100\004\103\004\072\004\102\004\076\004\100\004\101\004\072\004\070\004\071\000\040\004\100\004\060\004\067\004\064\004\065\004\073}{}% 12
\BOOKMARK [1][-]{section.2.1}{\376\377\004\037\004\100\004\076\004\065\004\072\004\102\004\070\004\100\004\076\004\062\004\060\004\075\004\070\004\065\000\040\004\061\004\060\004\067\004\113\000\040\004\064\004\060\004\075\004\075\004\113\004\105}{chapter.2}% 13
\BOOKMARK [1][-]{section.2.2}{\376\377\004\041\004\105\004\065\004\074\004\113\000\040\004\102\004\100\004\070\004\063\004\063\004\065\004\100\004\076\004\062}{chapter.2}% 14
\BOOKMARK [0][-]{chapter.3}{\376\377\004\042\004\065\004\105\004\075\004\076\004\073\004\076\004\063\004\070\004\107\004\065\004\101\004\072\004\070\004\071\000\040\004\100\004\060\004\067\004\064\004\065\004\073}{}% 15
\BOOKMARK [1][-]{section.3.1}{\376\377\004\041\004\100\004\065\004\064\004\101\004\102\004\062\004\060\000\040\004\100\004\065\004\060\004\073\004\070\004\067\004\060\004\106\004\070\004\070\000\040\004\037\004\036}{chapter.3}% 16
\BOOKMARK [2][-]{subsection.3.1.1}{\376\377\004\022\004\113\004\061\004\076\004\100\000\040\004\117\004\067\004\113\004\072\004\060\000\040\004\077\004\100\004\076\004\063\004\100\004\060\004\074\004\074\004\070\004\100\004\076\004\062\004\060\004\075\004\070\004\117}{section.3.1}% 17
\BOOKMARK [2][-]{subsection.3.1.2}{\376\377\004\022\004\113\004\061\004\076\004\100\000\040\004\041\004\043\004\021\004\024}{section.3.1}% 18
\BOOKMARK [2][-]{subsection.3.1.3}{\376\377\004\022\004\113\004\061\004\076\004\100\000\040\004\077\004\073\004\060\004\102\004\104\004\076\004\100\004\074\004\113\000\040\004\064\004\073\004\117\000\040\004\100\004\065\004\060\004\073\004\070\004\067\004\060\004\106\004\070\004\070\000\040\004\037\004\036}{section.3.1}% 19
\BOOKMARK [2][-]{subsection.3.1.4}{\376\377\004\022\004\113\004\061\004\076\004\100\000\040\004\101\004\100\004\065\004\064\004\101\004\102\004\062\000\040\004\076\004\102\004\076\004\061\004\100\004\060\004\066\004\065\004\075\004\070\004\117\000\040\004\101\004\102\004\100\004\060\004\075\004\070\004\106\000\040\004\061\004\100\004\060\004\103\004\067\004\065\004\100\004\060}{section.3.1}% 20
\BOOKMARK [1][-]{section.3.2}{\376\377\004\041\004\102\004\100\004\103\004\072\004\102\004\103\004\100\004\060\000\040\004\077\004\100\004\076\004\063\004\100\004\060\004\074\004\074\004\075\004\076\004\063\004\076\000\040\004\076\004\061\004\065\004\101\004\077\004\065\004\107\004\065\004\075\004\070\004\117}{chapter.3}% 21
\BOOKMARK [1][-]{section.3.3}{\376\377\004\033\004\070\004\101\004\102\004\070\004\075\004\063\004\070\000\040\004\072\004\076\004\064\004\060}{chapter.3}% 22
\BOOKMARK [2][-]{subsection.3.3.1}{\376\377\004\041\004\076\004\067\004\064\004\060\004\075\004\070\004\065\000\040\004\061\004\060\004\067\004\113\000\040\004\064\004\060\004\075\004\075\004\113\004\105}{section.3.3}% 23
\BOOKMARK [2][-]{subsection.3.3.2}{\376\377\004\044\004\103\004\075\004\072\004\106\004\070\004\070}{section.3.3}% 24
\BOOKMARK [2][-]{subsection.3.3.3}{\376\377\004\042\004\100\004\070\004\063\004\063\004\065\004\100\004\113}{section.3.3}% 25
\BOOKMARK [2][-]{subsection.3.3.4}{\376\377\004\040\004\076\004\073\004\065\004\062\004\060\004\117\000\040\004\074\004\076\004\064\004\065\004\073\004\114\000\040\004\075\004\060\000\040\004\103\004\100\004\076\004\062\004\075\004\065\000\040\004\021\004\024}{section.3.3}% 26
\BOOKMARK [1][-]{section.3.4}{\376\377\004\024\004\065\004\074\004\076\004\075\004\101\004\102\004\100\004\060\004\106\004\070\004\117\000\040\004\100\004\060\004\061\004\076\004\102\004\113\000\040\004\077\004\100\004\076\004\063\004\100\004\060\004\074\004\074\004\113}{chapter.3}% 27
\BOOKMARK [2][-]{subsection.3.4.1}{\376\377\004\040\004\065\004\063\004\070\004\101\004\102\004\100\004\060\004\106\004\070\004\117}{section.3.4}% 28
\BOOKMARK [2][-]{subsection.3.4.2}{\376\377\004\022\004\105\004\076\004\064\000\040\004\062\000\040\004\101\004\070\004\101\004\102\004\065\004\074\004\103}{section.3.4}% 29
\BOOKMARK [2][-]{subsection.3.4.3}{\376\377\004\030\004\067\004\074\004\065\004\075\004\065\004\075\004\070\004\065\000\040\004\064\004\060\004\075\004\075\004\113\004\105\000\040\004\077\004\076\004\073\004\114\004\067\004\076\004\062\004\060\004\102\004\065\004\073\004\117}{section.3.4}% 30
\BOOKMARK [2][-]{subsection.3.4.4}{\376\377\004\037\004\076\004\070\004\101\004\072\000\040\004\102\004\076\004\062\004\060\004\100\004\076\004\062}{section.3.4}% 31
\BOOKMARK [2][-]{subsection.3.4.5}{\376\377\004\041\004\102\004\100\004\060\004\075\004\070\004\106\004\060\000\040\004\102\004\076\004\062\004\060\004\100\004\060}{section.3.4}% 32
\BOOKMARK [2][-]{subsection.3.4.6}{\376\377\004\041\004\076\004\067\004\064\004\060\004\075\004\070\004\065\000\040\004\076\004\102\004\067\004\113\004\062\004\060}{section.3.4}% 33
\BOOKMARK [2][-]{subsection.3.4.7}{\376\377\004\032\004\076\004\100\004\067\004\070\004\075\004\060\000\040\004\102\004\076\004\062\004\060\004\100\004\076\004\062}{section.3.4}% 34
\BOOKMARK [2][-]{subsection.3.4.8}{\376\377\004\030\004\101\004\102\004\076\004\100\004\070\004\117\000\040\004\067\004\060\004\072\004\060\004\067\004\076\004\062\000\040\004\077\004\076\004\073\004\114\004\067\004\076\004\062\004\060\004\102\004\065\004\073\004\117}{section.3.4}% 35
\BOOKMARK [2][-]{subsection.3.4.9}{\376\377\004\041\004\102\004\100\004\060\004\075\004\070\004\106\004\060\000\040\004\103\004\077\004\100\004\060\004\062\004\073\004\065\004\075\004\070\004\117\000\040\004\102\004\076\004\062\004\060\004\100\004\076\004\074}{section.3.4}% 36
\BOOKMARK [2][-]{subsection.3.4.10}{\376\377\004\041\004\102\004\100\004\060\004\075\004\070\004\106\004\060\000\040\004\103\004\077\004\100\004\060\004\062\004\073\004\065\004\075\004\070\004\117\000\040\004\077\004\076\004\073\004\114\004\067\004\076\004\062\004\060\004\102\004\065\004\073\004\117\004\074\004\070}{section.3.4}% 37
\BOOKMARK [0][-]{chapter.4}{\376\377\004\030\004\101\004\101\004\073\004\065\004\064\004\076\004\062\004\060\004\102\004\065\004\073\004\114\004\101\004\072\004\070\004\071\000\040\004\100\004\060\004\067\004\064\004\065\004\073}{}% 38
\BOOKMARK [1][-]{section.4.1}{\376\377\004\042\004\065\004\105\004\075\004\070\004\107\004\065\004\101\004\072\004\070\004\065\000\040\004\105\004\060\004\100\004\060\004\072\004\102\004\065\004\100\004\070\004\101\004\102\004\070\004\072\004\070}{chapter.4}% 39
\BOOKMARK [1][-]{section.4.2}{\376\377\004\037\004\076\004\101\004\102\004\060\004\075\004\076\004\062\004\072\004\060\000\040\004\115\004\072\004\101\004\077\004\065\004\100\004\070\004\074\004\065\004\075\004\102\004\060}{chapter.4}% 40
\BOOKMARK [1][-]{section.4.3}{\376\377\004\040\004\065\004\067\004\103\004\073\004\114\004\102\004\060\004\102\004\113\000\040\004\115\004\072\004\101\004\077\004\065\004\100\004\070\004\074\004\065\004\075\004\102\004\060}{chapter.4}% 41
\BOOKMARK [1][-]{figure.caption.23}{\376\377\004\022\004\113\004\062\004\076\004\064}{chapter.4}% 42
\BOOKMARK [0][-]{chapter*.24}{\376\377\004\027\004\060\004\072\004\073\004\116\004\107\004\065\004\075\004\070\004\065}{}% 43
\BOOKMARK [0][-]{chapter*.25}{\376\377\004\041\004\077\004\070\004\101\004\076\004\072\000\040\004\070\004\101\004\077\004\076\004\073\004\114\004\067\004\076\004\062\004\060\004\075\004\075\004\113\004\105\000\040\004\070\004\101\004\102\004\076\004\107\004\075\004\070\004\072\004\076\004\062}{}% 44
\BOOKMARK [0][-]{chapter*.26}{\376\377\004\037\004\100\004\070\004\073\004\076\004\066\004\065\004\075\004\070\004\065\000\040\004\020}{}% 45
\BOOKMARK [0][-]{chapter*.27}{\376\377\004\037\004\100\004\070\004\073\004\076\004\066\004\065\004\075\004\070\004\065\000\040\004\021}{}% 46
\BOOKMARK [0][-]{chapter*.28}{\376\377\004\037\004\100\004\070\004\073\004\076\004\066\004\065\004\075\004\070\004\065\000\040\004\022}{}% 47
